Traceback (most recent call last):
  File "/home/pi/longibot-raspberry/web/arduino-cmds/py/start_serial.py", line 3, in <module>
    from logs import iflan_log
  File "/home/pi/longibot-raspberry/web/arduino-cmds/py/logs.py", line 7, in <module>
    logging.basicConfig(filename=LOG, filemode="w", level=logging.DEBUG)  
  File "/usr/lib/python3.7/logging/__init__.py", line 1900, in basicConfig
    h = FileHandler(filename, mode)
  File "/usr/lib/python3.7/logging/__init__.py", line 1092, in __init__
    StreamHandler.__init__(self, self._open())
  File "/usr/lib/python3.7/logging/__init__.py", line 1121, in _open
    return open(self.baseFilename, self.mode, encoding=self.encoding)
FileNotFoundError: [Errno 2] No such file or directory: '/home/logs/iflan.log'
Traceback (most recent call last):
  File "/home/pi/longibot-raspberry/web/arduino-cmds/py/start_serial.py", line 3, in <module>
    from logs import iflan_log
  File "/home/pi/longibot-raspberry/web/arduino-cmds/py/logs.py", line 7, in <module>
    logging.basicConfig(filename=LOG, filemode="w", level=logging.DEBUG)  
  File "/usr/lib/python3.7/logging/__init__.py", line 1900, in basicConfig
    h = FileHandler(filename, mode)
  File "/usr/lib/python3.7/logging/__init__.py", line 1092, in __init__
    StreamHandler.__init__(self, self._open())
  File "/usr/lib/python3.7/logging/__init__.py", line 1121, in _open
    return open(self.baseFilename, self.mode, encoding=self.encoding)
FileNotFoundError: [Errno 2] No such file or directory: '/home/logs/iflan.log'
Traceback (most recent call last):
  File "/home/pi/longibot-raspberry/web/arduino-cmds/py/start_serial.py", line 3, in <module>
    from logs import iflan_log
  File "/home/pi/longibot-raspberry/web/arduino-cmds/py/logs.py", line 7, in <module>
    logging.basicConfig(filename=LOG, filemode="w", level=logging.DEBUG)  
  File "/usr/lib/python3.7/logging/__init__.py", line 1900, in basicConfig
    h = FileHandler(filename, mode)
  File "/usr/lib/python3.7/logging/__init__.py", line 1092, in __init__
    StreamHandler.__init__(self, self._open())
  File "/usr/lib/python3.7/logging/__init__.py", line 1121, in _open
    return open(self.baseFilename, self.mode, encoding=self.encoding)
FileNotFoundError: [Errno 2] No such file or directory: '/home/logs/iflan.log'
Traceback (most recent call last):
  File "/home/pi/longibot-raspberry/web/arduino-cmds/py/start_serial.py", line 3, in <module>
    from logs import iflan_log
  File "/home/pi/longibot-raspberry/web/arduino-cmds/py/logs.py", line 7, in <module>
    logging.basicConfig(filename=LOG, filemode="w", level=logging.DEBUG)  
  File "/usr/lib/python3.7/logging/__init__.py", line 1900, in basicConfig
    h = FileHandler(filename, mode)
  File "/usr/lib/python3.7/logging/__init__.py", line 1092, in __init__
    StreamHandler.__init__(self, self._open())
  File "/usr/lib/python3.7/logging/__init__.py", line 1121, in _open
    return open(self.baseFilename, self.mode, encoding=self.encoding)
FileNotFoundError: [Errno 2] No such file or directory: '/home/logs/iflan.log'
Traceback (most recent call last):
  File "/home/pi/longibot-raspberry/web/arduino-cmds/py/start_serial.py", line 3, in <module>
    from logs import iflan_log
  File "/home/pi/longibot-raspberry/web/arduino-cmds/py/logs.py", line 7, in <module>
    logging.basicConfig(filename=LOG, filemode="w", level=logging.DEBUG)  
  File "/usr/lib/python3.7/logging/__init__.py", line 1900, in basicConfig
    h = FileHandler(filename, mode)
  File "/usr/lib/python3.7/logging/__init__.py", line 1092, in __init__
    StreamHandler.__init__(self, self._open())
  File "/usr/lib/python3.7/logging/__init__.py", line 1121, in _open
    return open(self.baseFilename, self.mode, encoding=self.encoding)
FileNotFoundError: [Errno 2] No such file or directory: '/home/logs/iflan.log'
Traceback (most recent call last):
  File "/home/pi/longibot-raspberry/web/arduino-cmds/py/start_serial.py", line 3, in <module>
    from logs import iflan_log
  File "/home/pi/longibot-raspberry/web/arduino-cmds/py/logs.py", line 7, in <module>
    logging.basicConfig(filename=LOG, filemode="w", level=logging.DEBUG)  
  File "/usr/lib/python3.7/logging/__init__.py", line 1900, in basicConfig
    h = FileHandler(filename, mode)
  File "/usr/lib/python3.7/logging/__init__.py", line 1092, in __init__
    StreamHandler.__init__(self, self._open())
  File "/usr/lib/python3.7/logging/__init__.py", line 1121, in _open
    return open(self.baseFilename, self.mode, encoding=self.encoding)
FileNotFoundError: [Errno 2] No such file or directory: '/home/logs/iflan.log'
Traceback (most recent call last):
  File "/home/pi/longibot-raspberry/web/arduino-cmds/py/start_serial.py", line 3, in <module>
    from logs import iflan_log
  File "/home/pi/longibot-raspberry/web/arduino-cmds/py/logs.py", line 7, in <module>
    logging.basicConfig(filename=LOG, filemode="w", level=logging.DEBUG)  
  File "/usr/lib/python3.7/logging/__init__.py", line 1900, in basicConfig
    h = FileHandler(filename, mode)
  File "/usr/lib/python3.7/logging/__init__.py", line 1092, in __init__
    StreamHandler.__init__(self, self._open())
  File "/usr/lib/python3.7/logging/__init__.py", line 1121, in _open
    return open(self.baseFilename, self.mode, encoding=self.encoding)
FileNotFoundError: [Errno 2] No such file or directory: '/home/logs/iflan.log'
Traceback (most recent call last):
  File "/home/pi/longibot-raspberry/web/arduino-cmds/py/start_serial.py", line 3, in <module>
    from logs import iflan_log
  File "/home/pi/longibot-raspberry/web/arduino-cmds/py/logs.py", line 7, in <module>
    logging.basicConfig(filename=LOG, filemode="w", level=logging.DEBUG)  
  File "/usr/lib/python3.7/logging/__init__.py", line 1900, in basicConfig
    h = FileHandler(filename, mode)
  File "/usr/lib/python3.7/logging/__init__.py", line 1092, in __init__
    StreamHandler.__init__(self, self._open())
  File "/usr/lib/python3.7/logging/__init__.py", line 1121, in _open
    return open(self.baseFilename, self.mode, encoding=self.encoding)
FileNotFoundError: [Errno 2] No such file or directory: '/home/logs/iflan.log'
Traceback (most recent call last):
  File "/home/pi/longibot-raspberry/web/arduino-cmds/py/start_serial.py", line 3, in <module>
    from logs import iflan_log
  File "/home/pi/longibot-raspberry/web/arduino-cmds/py/logs.py", line 7, in <module>
    logging.basicConfig(filename=LOG, filemode="w", level=logging.DEBUG)  
  File "/usr/lib/python3.7/logging/__init__.py", line 1900, in basicConfig
    h = FileHandler(filename, mode)
  File "/usr/lib/python3.7/logging/__init__.py", line 1092, in __init__
    StreamHandler.__init__(self, self._open())
  File "/usr/lib/python3.7/logging/__init__.py", line 1121, in _open
    return open(self.baseFilename, self.mode, encoding=self.encoding)
FileNotFoundError: [Errno 2] No such file or directory: '/home/logs/iflan.log'
Traceback (most recent call last):
  File "/home/pi/longibot-raspberry/web/arduino-cmds/py/start_serial.py", line 3, in <module>
    from logs import iflan_log
  File "/home/pi/longibot-raspberry/web/arduino-cmds/py/logs.py", line 7, in <module>
    logging.basicConfig(filename=LOG, filemode="w", level=logging.DEBUG)  
  File "/usr/lib/python3.7/logging/__init__.py", line 1900, in basicConfig
    h = FileHandler(filename, mode)
  File "/usr/lib/python3.7/logging/__init__.py", line 1092, in __init__
    StreamHandler.__init__(self, self._open())
  File "/usr/lib/python3.7/logging/__init__.py", line 1121, in _open
    return open(self.baseFilename, self.mode, encoding=self.encoding)
FileNotFoundError: [Errno 2] No such file or directory: '/home/logs/iflan.log'
Traceback (most recent call last):
  File "/home/pi/longibot-raspberry/web/arduino-cmds/py/start_serial.py", line 3, in <module>
    from logs import iflan_log
  File "/home/pi/longibot-raspberry/web/arduino-cmds/py/logs.py", line 7, in <module>
    logging.basicConfig(filename=LOG, filemode="w", level=logging.DEBUG)  
  File "/usr/lib/python3.7/logging/__init__.py", line 1900, in basicConfig
    h = FileHandler(filename, mode)
  File "/usr/lib/python3.7/logging/__init__.py", line 1092, in __init__
    StreamHandler.__init__(self, self._open())
  File "/usr/lib/python3.7/logging/__init__.py", line 1121, in _open
    return open(self.baseFilename, self.mode, encoding=self.encoding)
FileNotFoundError: [Errno 2] No such file or directory: '/home/logs/iflan.log'
Traceback (most recent call last):
  File "/home/pi/longibot-raspberry/web/arduino-cmds/py/start_serial.py", line 3, in <module>
    from logs import iflan_log
  File "/home/pi/longibot-raspberry/web/arduino-cmds/py/logs.py", line 7, in <module>
    logging.basicConfig(filename=LOG, filemode="w", level=logging.DEBUG)  
  File "/usr/lib/python3.7/logging/__init__.py", line 1900, in basicConfig
    h = FileHandler(filename, mode)
  File "/usr/lib/python3.7/logging/__init__.py", line 1092, in __init__
    StreamHandler.__init__(self, self._open())
  File "/usr/lib/python3.7/logging/__init__.py", line 1121, in _open
    return open(self.baseFilename, self.mode, encoding=self.encoding)
FileNotFoundError: [Errno 2] No such file or directory: '/home/logs/iflan.log'
Traceback (most recent call last):
  File "/usr/lib/python3/dist-packages/serial/serialposix.py", line 265, in open
    self.fd = os.open(self.portstr, os.O_RDWR | os.O_NOCTTY | os.O_NONBLOCK)
FileNotFoundError: [Errno 2] No such file or directory: '/dev/ttyACM0'

During handling of the above exception, another exception occurred:

Traceback (most recent call last):
  File "/home/pi/longibot-raspberry/web/arduino-cmds/py/start_serial.py", line 5, in <module>
    ser=serial.Serial(ACM_PORT,9600)  #change ACM number as found from ls /dev/tty/ACM*
  File "/usr/lib/python3/dist-packages/serial/serialutil.py", line 240, in __init__
    self.open()
  File "/usr/lib/python3/dist-packages/serial/serialposix.py", line 268, in open
    raise SerialException(msg.errno, "could not open port {}: {}".format(self._port, msg))
serial.serialutil.SerialException: [Errno 2] could not open port /dev/ttyACM0: [Errno 2] No such file or directory: '/dev/ttyACM0'
Traceback (most recent call last):
  File "/usr/lib/python3/dist-packages/serial/serialposix.py", line 501, in read
    'device reports readiness to read but returned no data '
serial.serialutil.SerialException: device reports readiness to read but returned no data (device disconnected or multiple access on port?)

During handling of the above exception, another exception occurred:

Traceback (most recent call last):
  File "/home/pi/longibot-raspberry/web/arduino-cmds/py/start_serial.py", line 9, in <module>
    read_ser=ser.readline()
  File "/usr/lib/python3/dist-packages/serial/serialposix.py", line 509, in read
    raise SerialException('read failed: {}'.format(e))
serial.serialutil.SerialException: read failed: device reports readiness to read but returned no data (device disconnected or multiple access on port?)
Traceback (most recent call last):
  File "/usr/lib/python3/dist-packages/serial/serialposix.py", line 501, in read
    'device reports readiness to read but returned no data '
serial.serialutil.SerialException: device reports readiness to read but returned no data (device disconnected or multiple access on port?)

During handling of the above exception, another exception occurred:

Traceback (most recent call last):
  File "/home/pi/longibot-raspberry/web/arduino-cmds/py/start_serial.py", line 10, in <module>
    response = ser.readline().decode('utf-8').rstrip()
  File "/usr/lib/python3/dist-packages/serial/serialposix.py", line 509, in read
    raise SerialException('read failed: {}'.format(e))
serial.serialutil.SerialException: read failed: device reports readiness to read but returned no data (device disconnected or multiple access on port?)
Traceback (most recent call last):
  File "/usr/lib/python3/dist-packages/serial/serialposix.py", line 501, in read
    'device reports readiness to read but returned no data '
serial.serialutil.SerialException: device reports readiness to read but returned no data (device disconnected or multiple access on port?)

During handling of the above exception, another exception occurred:

Traceback (most recent call last):
  File "/home/pi/longibot-raspberry/web/arduino-cmds/py/start_serial.py", line 10, in <module>
    response = ser.readline().decode('utf-8').rstrip()
  File "/usr/lib/python3/dist-packages/serial/serialposix.py", line 509, in read
    raise SerialException('read failed: {}'.format(e))
serial.serialutil.SerialException: read failed: device reports readiness to read but returned no data (device disconnected or multiple access on port?)
Traceback (most recent call last):
  File "/home/pi/longibot-raspberry/web/arduino-cmds/py/start_serial.py", line 12, in <module>
    save_by_type(response)
  File "/home/pi/longibot-raspberry/web/arduino-cmds/py/logs.py", line 31, in save_by_type
    parsed_response = json.loads(response)
  File "/usr/lib/python3.7/json/__init__.py", line 348, in loads
    return _default_decoder.decode(s)
  File "/usr/lib/python3.7/json/decoder.py", line 337, in decode
    obj, end = self.raw_decode(s, idx=_w(s, 0).end())
  File "/usr/lib/python3.7/json/decoder.py", line 355, in raw_decode
    raise JSONDecodeError("Expecting value", s, err.value) from None
json.decoder.JSONDecodeError: Expecting value: line 1 column 1 (char 0)
Traceback (most recent call last):
  File "/home/pi/longibot-raspberry/web/arduino-cmds/py/start_serial.py", line 12, in <module>
    save_by_type(response)
  File "/home/pi/longibot-raspberry/web/arduino-cmds/py/logs.py", line 31, in save_by_type
    parsed_response = json.loads(response)
  File "/usr/lib/python3.7/json/__init__.py", line 348, in loads
    return _default_decoder.decode(s)
  File "/usr/lib/python3.7/json/decoder.py", line 337, in decode
    obj, end = self.raw_decode(s, idx=_w(s, 0).end())
  File "/usr/lib/python3.7/json/decoder.py", line 353, in raw_decode
    obj, end = self.scan_once(s, idx)
json.decoder.JSONDecodeError: Expecting property name enclosed in double quotes: line 1 column 2 (char 1)
Traceback (most recent call last):
  File "/home/pi/longibot-raspberry/web/arduino-cmds/py/start_serial.py", line 12, in <module>
    save_by_type(response)
  File "/home/pi/longibot-raspberry/web/arduino-cmds/py/logs.py", line 31, in save_by_type
    parsed_response = json.loads(response)
  File "/usr/lib/python3.7/json/__init__.py", line 348, in loads
    return _default_decoder.decode(s)
  File "/usr/lib/python3.7/json/decoder.py", line 337, in decode
    obj, end = self.raw_decode(s, idx=_w(s, 0).end())
  File "/usr/lib/python3.7/json/decoder.py", line 353, in raw_decode
    obj, end = self.scan_once(s, idx)
json.decoder.JSONDecodeError: Expecting ':' delimiter: line 1 column 8 (char 7)
Traceback (most recent call last):
  File "/home/pi/longibot-raspberry/web/arduino-cmds/py/start_serial.py", line 12, in <module>
    save_by_type(response)
  File "/home/pi/longibot-raspberry/web/arduino-cmds/py/logs.py", line 31, in save_by_type
    parsed_response = json.loads(response)
  File "/usr/lib/python3.7/json/__init__.py", line 348, in loads
    return _default_decoder.decode(s)
  File "/usr/lib/python3.7/json/decoder.py", line 337, in decode
    obj, end = self.raw_decode(s, idx=_w(s, 0).end())
  File "/usr/lib/python3.7/json/decoder.py", line 355, in raw_decode
    raise JSONDecodeError("Expecting value", s, err.value) from None
json.decoder.JSONDecodeError: Expecting value: line 1 column 1 (char 0)
Traceback (most recent call last):
  File "/usr/lib/python3/dist-packages/serial/serialposix.py", line 501, in read
    'device reports readiness to read but returned no data '
serial.serialutil.SerialException: device reports readiness to read but returned no data (device disconnected or multiple access on port?)

During handling of the above exception, another exception occurred:

Traceback (most recent call last):
  File "/home/pi/longibot-raspberry/web/arduino-cmds/py/start_serial.py", line 10, in <module>
    response = ser.readline().decode('utf-8').rstrip()
  File "/usr/lib/python3/dist-packages/serial/serialposix.py", line 509, in read
    raise SerialException('read failed: {}'.format(e))
serial.serialutil.SerialException: read failed: device reports readiness to read but returned no data (device disconnected or multiple access on port?)
{"temp/hum": "55.50/18.70"}
{"temp/hum": "56.30/18.80"}
{"temp/hum": "56.20/18.70"}
Traceback (most recent call last):
  File "/home/pi/longibot-raspberry/web/arduino-cmds/py/start_serial.py", line 12, in <module>
    save_by_type(response)
  File "/home/pi/longibot-raspberry/web/arduino-cmds/py/logs.py", line 31, in save_by_type
    parsed_response = json.loads(response)
  File "/usr/lib/python3.7/json/__init__.py", line 348, in loads
    return _default_decoder.decode(s)
  File "/usr/lib/python3.7/json/decoder.py", line 337, in decode
    obj, end = self.raw_decode(s, idx=_w(s, 0).end())
  File "/usr/lib/python3.7/json/decoder.py", line 353, in raw_decode
    obj, end = self.scan_once(s, idx)
json.decoder.JSONDecodeError: Expecting property name enclosed in double quotes: line 1 column 2 (char 1)
Traceback (most recent call last):
  File "/home/pi/longibot-raspberry/web/arduino-cmds/py/start_serial.py", line 12, in <module>
    save_by_type(response)
  File "/home/pi/longibot-raspberry/web/arduino-cmds/py/logs.py", line 31, in save_by_type
    parsed_response = json.loads(response)
  File "/usr/lib/python3.7/json/__init__.py", line 348, in loads
    return _default_decoder.decode(s)
  File "/usr/lib/python3.7/json/decoder.py", line 340, in decode
    raise JSONDecodeError("Extra data", s, end)
json.decoder.JSONDecodeError: Extra data: line 1 column 8 (char 7)
Traceback (most recent call last):
  File "/home/pi/longibot-raspberry/web/arduino-cmds/py/start_serial.py", line 3, in <module>
    from logs import iflan_log, save_by_type
  File "/home/pi/longibot-raspberry/web/arduino-cmds/py/logs.py", line 8, in <module>
    logging.basicConfig(filename=LOG, filemode="w", level=logging.DEBUG)  
  File "/usr/lib/python3.7/logging/__init__.py", line 1900, in basicConfig
    h = FileHandler(filename, mode)
  File "/usr/lib/python3.7/logging/__init__.py", line 1092, in __init__
    StreamHandler.__init__(self, self._open())
  File "/usr/lib/python3.7/logging/__init__.py", line 1121, in _open
    return open(self.baseFilename, self.mode, encoding=self.encoding)
FileNotFoundError: [Errno 2] No such file or directory: '/home/logs/iflan.log'
Traceback (most recent call last):
  File "/home/pi/longibot-raspberry/web/arduino-cmds/py/start_serial.py", line 3, in <module>
    from logs import iflan_log, save_by_type
  File "/home/pi/longibot-raspberry/web/arduino-cmds/py/logs.py", line 8, in <module>
    logging.basicConfig(filename=LOG, filemode="w", level=logging.DEBUG)  
  File "/usr/lib/python3.7/logging/__init__.py", line 1900, in basicConfig
    h = FileHandler(filename, mode)
  File "/usr/lib/python3.7/logging/__init__.py", line 1092, in __init__
    StreamHandler.__init__(self, self._open())
  File "/usr/lib/python3.7/logging/__init__.py", line 1121, in _open
    return open(self.baseFilename, self.mode, encoding=self.encoding)
FileNotFoundError: [Errno 2] No such file or directory: '/home/logs/iflan.log'
Traceback (most recent call last):
  File "/home/pi/longibot-raspberry/web/arduino-cmds/py/start_serial.py", line 3, in <module>
    from logs import iflan_log, save_by_type
  File "/home/pi/longibot-raspberry/web/arduino-cmds/py/logs.py", line 8, in <module>
    logging.basicConfig(filename=LOG, filemode="w", level=logging.DEBUG)  
  File "/usr/lib/python3.7/logging/__init__.py", line 1900, in basicConfig
    h = FileHandler(filename, mode)
  File "/usr/lib/python3.7/logging/__init__.py", line 1092, in __init__
    StreamHandler.__init__(self, self._open())
  File "/usr/lib/python3.7/logging/__init__.py", line 1121, in _open
    return open(self.baseFilename, self.mode, encoding=self.encoding)
FileNotFoundError: [Errno 2] No such file or directory: '/home/logs/iflan.log'
{"temp/hum": "52.50/21.40"}
{"temp/hum": "53.20/21.50"}
{"temp/hum": "52.60/21.50"}
{"temp/hum": "53.00/21.40"}
{"temp/hum": "53.00/21.40"}
{"temp/hum": "53.10/21.40"}
{"temp/hum": "52.90/21.40"}
{"temp/hum": "52.60/21.40"}
{"temp/hum": "52.80/21.50"}
{"temp/hum": "52.60/21.40"}
{"temp/hum": "53.10/21.50"}
{"temp/hum": "53.00/21.30"}
{"temp/hum": "53.20/21.40"}
{"temp/hum": "53.20/21.40"}
{"temp/hum": "53.20/21.30"}
{"temp/hum": "53.30/21.40"}
{"temp/hum": "53.30/21.40"}
{"temp/hum": "53.40/21.40"}
{"temp/hum": "53.30/21.40"}
{"temp/hum": "52.70/21.40"}
{"temp/hum": "52.80/21.50"}
{"temp/hum": "53.00/21.50"}
{"temp/hum": "53.00/21.50"}
{"temp/hum": "53.40/21.40"}
{"temp/hum": "53.00/21.40"}
{"temp/hum": "52.90/21.50"}
{"temp/hum": "52.90/21.50"}
{"temp/hum": "53.30/21.50"}
{"temp/hum": "53.20/21.50"}
{"temp/hum": "53.10/21.50"}
{"temp/hum": "53.00/21.50"}
{"temp/hum": "53.10/21.50"}
{"temp/hum": "53.10/21.50"}
{"temp/hum": "52.70/21.50"}
{"temp/hum": "52.30/21.50"}
{"temp/hum": "52.90/21.50"}
{"temp/hum": "52.80/21.50"}
{"temp/hum": "53.00/21.50"}
{"temp/hum": "52.90/21.60"}
{"temp/hum": "53.00/21.50"}
{"temp/hum": "53.10/21.60"}
{"temp/hum": "52.90/21.60"}
{"temp/hum": "52.70/21.60"}
{"temp/hum": "52.80/21.60"}
{"temp/hum": "53.20/21.70"}
{"temp/hum": "52.80/21.60"}
{"temp/hum": "53.00/21.60"}
{"temp/hum": "53.20/21.70"}
{"temp/hum": "53.10/21.70"}
{"temp/hum": "52.70/21.70"}
{"temp/hum": "52.50/21.70"}
{"temp/hum": "52.80/21.70"}
{"temp/hum": "53.10/21.80"}
{"temp/hum": "53.00/21.80"}
{"temp/hum": "52.70/21.80"}
{"temp/hum": "53.10/21.80"}
{"temp/hum": "53.10/21.80"}
{"temp/hum": "53.20/21.80"}
{"temp/hum": "52.90/21.80"}
{"temp/hum": "53.20/21.80"}
{"temp/hum": "53.00/21.80"}
{"temp/hum": "53.10/21.80"}
{"temp/hum": "53.00/21.90"}
{"temp/hum": "53.00/21.90"}
{"temp/hum": "52.90/21.90"}
{"temp/hum": "53.00/21.90"}
{"temp/hum": "53.00/21.90"}
{"temp/hum": "53.10/21.90"}
{"temp/hum": "53.00/21.90"}
{"temp/hum": "53.10/21.90"}
{"temp/hum": "53.00/21.90"}
{"temp/hum": "53.10/21.90"}
{"temp/hum": "52.90/21.90"}
{"temp/hum": "52.90/21.90"}
{"temp/hum": "53.10/21.90"}
{"temp/hum": "53.00/21.90"}
{"temp/hum": "53.00/22.00"}
{"temp/hum": "53.00/22.00"}
{"temp/hum": "53.10/21.90"}
{"temp/hum": "53.20/22.00"}
{"temp/hum": "52.90/22.00"}
{"temp/hum": "53.00/22.00"}
{"temp/hum": "52.90/21.90"}
{"temp/hum": "52.70/22.00"}
{"temp/hum": "52.60/22.00"}
{"temp/hum": "53.00/22.10"}
{"temp/hum": "52.70/22.00"}
{"temp/hum": "52.70/22.00"}
{"temp/hum": "53.10/22.00"}
{"temp/hum": "52.80/22.00"}
{"temp/hum": "53.20/22.00"}
{"temp/hum": "52.80/22.00"}
{"temp/hum": "52.80/22.10"}
{"temp/hum": "52.70/22.00"}
{"temp/hum": "52.90/22.00"}
{"temp/hum": "53.00/22.00"}
{"temp/hum": "53.30/22.10"}
{"temp/hum": "53.10/22.10"}
{"temp/hum": "53.20/22.10"}
{"temp/hum": "53.30/22.20"}
{"temp/hum": "53.30/22.20"}
{"temp/hum": "53.00/22.20"}
{"temp/hum": "53.30/22.20"}
{"temp/hum": "52.90/22.20"}
{"temp/hum": "53.20/22.20"}
{"temp/hum": "52.90/22.20"}
{"temp/hum": "53.20/22.20"}
{"temp/hum": "53.00/22.20"}
{"temp/hum": "52.90/22.20"}
{"temp/hum": "52.80/22.20"}
{"temp/hum": "52.90/22.20"}
{"temp/hum": "52.90/22.20"}
{"temp/hum": "52.80/22.20"}
{"temp/hum": "52.70/22.20"}
{"temp/hum": "52.70/22.20"}
{"temp/hum": "52.50/22.20"}
{"temp/hum": "52.70/22.20"}
{"temp/hum": "52.70/22.20"}
{"temp/hum": "52.70/22.20"}
{"temp/hum": "52.80/22.20"}
{"temp/hum": "52.70/22.20"}
{"temp/hum": "52.70/22.10"}
{"temp/hum": "52.80/22.20"}
{"temp/hum": "52.70/22.10"}
{"temp/hum": "52.80/22.10"}
{"temp/hum": "52.80/22.10"}
{"temp/hum": "52.70/22.10"}
{"temp/hum": "52.80/22.10"}
{"temp/hum": "52.80/22.10"}
{"temp/hum": "52.90/22.10"}
{"temp/hum": "52.90/22.10"}
{"temp/hum": "52.90/22.10"}
{"temp/hum": "52.90/22.10"}
{"temp/hum": "52.90/22.10"}
{"temp/hum": "52.90/22.10"}
{"temp/hum": "52.90/22.10"}
{"temp/hum": "53.00/22.10"}
{"temp/hum": "52.90/22.10"}
{"temp/hum": "52.90/22.10"}
{"temp/hum": "52.90/22.10"}
{"temp/hum": "52.90/22.10"}
{"temp/hum": "53.00/22.10"}
{"temp/hum": "53.00/22.10"}
{"temp/hum": "53.00/22.10"}
{"temp/hum": "53.00/22.10"}
{"temp/hum": "53.00/22.10"}
{"temp/hum": "53.00/22.10"}
{"temp/hum": "53.00/22.10"}
{"temp/hum": "53.10/22.10"}
{"temp/hum": "53.00/22.10"}
{"temp/hum": "53.00/22.10"}
{"temp/hum": "53.10/22.10"}
{"temp/hum": "53.10/22.10"}
{"temp/hum": "53.20/22.10"}
{"temp/hum": "53.20/22.00"}
{"temp/hum": "53.20/22.00"}
{"temp/hum": "53.20/22.00"}
{"temp/hum": "53.30/22.00"}
{"temp/hum": "53.40/22.00"}
{"temp/hum": "53.40/22.00"}
{"temp/hum": "53.50/22.00"}
{"temp/hum": "53.40/22.00"}
{"temp/hum": "53.50/22.00"}
{"temp/hum": "53.50/22.00"}
{"temp/hum": "53.50/22.00"}
{"temp/hum": "53.60/22.00"}
{"temp/hum": "53.70/22.00"}
{"temp/hum": "53.90/22.00"}
{"temp/hum": "53.70/22.00"}
{"temp/hum": "53.70/22.00"}
{"temp/hum": "53.80/22.00"}
{"temp/hum": "53.80/22.00"}
{"temp/hum": "53.90/22.00"}
{"temp/hum": "54.30/21.90"}
{"temp/hum": "54.20/21.90"}
{"temp/hum": "54.20/21.90"}
{"temp/hum": "54.60/21.90"}
{"temp/hum": "54.70/21.90"}
{"temp/hum": "54.40/21.90"}
{"temp/hum": "54.50/21.90"}
{"temp/hum": "54.40/21.90"}
{"temp/hum": "54.70/21.90"}
{"temp/hum": "54.80/21.90"}
{"temp/hum": "54.70/21.90"}
{"temp/hum": "55.00/21.90"}
{"temp/hum": "55.00/21.80"}
{"temp/hum": "55.00/21.80"}
{"temp/hum": "55.30/21.80"}
{"temp/hum": "55.20/21.80"}
{"temp/hum": "55.20/21.70"}
{"temp/hum": "55.20/21.80"}
{"temp/hum": "55.30/21.80"}
{"temp/hum": "55.40/21.70"}
{"temp/hum": "55.20/21.70"}
{"temp/hum": "55.30/21.80"}
{"temp/hum": "55.30/21.70"}
{"temp/hum": "55.30/21.70"}
{"temp/hum": "55.60/21.70"}
{"temp/hum": "55.20/21.70"}
{"temp/hum": "55.20/21.70"}
{"temp/hum": "55.30/21.70"}
{"temp/hum": "55.40/21.70"}
{"temp/hum": "55.40/21.70"}
{"temp/hum": "55.50/21.70"}
{"temp/hum": "55.40/21.70"}
{"temp/hum": "55.50/21.70"}
{"temp/hum": "55.50/21.60"}
{"temp/hum": "55.60/21.70"}
{"temp/hum": "55.60/21.70"}
{"temp/hum": "55.60/21.70"}
{"temp/hum": "55.60/21.60"}
{"temp/hum": "55.60/21.70"}
{"temp/hum": "55.80/21.70"}
{"temp/hum": "55.80/21.70"}
{"temp/hum": "55.60/21.70"}
{"temp/hum": "55.70/21.70"}
{"temp/hum": "55.70/21.70"}
{"temp/hum": "55.60/21.70"}
{"temp/hum": "55.70/21.70"}
{"temp/hum": "55.70/21.70"}
{"temp/hum": "55.70/21.60"}
{"temp/hum": "55.70/21.70"}
{"temp/hum": "55.70/21.70"}
{"temp/hum": "55.70/21.70"}
{"temp/hum": "55.70/21.70"}
{"temp/hum": "55.70/21.70"}
{"temp/hum": "55.60/21.70"}
{"temp/hum": "55.70/21.70"}
{"temp/hum": "55.70/21.70"}
{"temp/hum": "55.70/21.60"}
{"temp/hum": "55.60/21.60"}
{"temp/hum": "55.60/21.70"}
{"temp/hum": "55.50/21.70"}
{"temp/hum": "55.60/21.70"}
{"temp/hum": "55.60/21.70"}
{"temp/hum": "55.70/21.70"}
{"temp/hum": "55.70/21.70"}
{"temp/hum": "55.60/21.70"}
{"temp/hum": "55.70/21.60"}
{"temp/hum": "55.70/21.70"}
{"temp/hum": "55.70/21.70"}
{"temp/hum": "55.60/21.60"}
{"temp/hum": "55.70/21.70"}
{"temp/hum": "55.60/21.60"}
{"temp/hum": "55.60/21.70"}
{"temp/hum": "55.60/21.70"}
{"temp/hum": "55.60/21.70"}
{"temp/hum": "55.60/21.70"}
{"temp/hum": "55.60/21.70"}
{"temp/hum": "55.50/21.70"}
{"temp/hum": "55.60/21.70"}
{"temp/hum": "55.60/21.70"}
{"temp/hum": "55.60/21.70"}
{"temp/hum": "55.60/21.70"}
{"temp/hum": "55.60/21.70"}
{"temp/hum": "55.50/21.70"}
{"temp/hum": "55.50/21.60"}
{"temp/hum": "55.50/21.60"}
{"temp/hum": "55.50/21.60"}
{"temp/hum": "55.60/21.70"}
{"temp/hum": "55.50/21.60"}
{"temp/hum": "55.50/21.70"}
{"temp/hum": "55.60/21.70"}
{"temp/hum": "55.60/21.70"}
{"temp/hum": "55.50/21.60"}
{"temp/hum": "55.40/21.60"}
{"temp/hum": "55.50/21.60"}
{"temp/hum": "55.50/21.60"}
{"temp/hum": "55.40/21.60"}
{"temp/hum": "55.50/21.60"}
{"temp/hum": "55.50/21.60"}
{"temp/hum": "55.50/21.60"}
{"temp/hum": "55.50/21.60"}
{"temp/hum": "55.60/21.60"}
{"temp/hum": "55.50/21.60"}
{"temp/hum": "55.60/21.70"}
{"temp/hum": "55.60/21.70"}
{"temp/hum": "55.50/21.60"}
{"temp/hum": "55.70/21.70"}
{"temp/hum": "55.60/21.60"}
{"temp/hum": "55.70/21.60"}
{"temp/hum": "55.70/21.60"}
{"temp/hum": "55.70/21.60"}
{"temp/hum": "55.70/21.60"}
{"temp/hum": "55.60/21.60"}
{"temp/hum": "55.70/21.60"}
{"temp/hum": "55.70/21.60"}
{"temp/hum": "55.70/21.60"}
{"temp/hum": "55.70/21.60"}
{"temp/hum": "55.70/21.60"}
{"temp/hum": "55.70/21.60"}
{"temp/hum": "55.70/21.60"}
{"temp/hum": "55.80/21.60"}{"temp/hum": "60.60/20.40"}
{"temp/hum": "61.90/20.00"}
{"temp/hum": "62.10/19.90"}
{"temp/hum": "62.80/19.70"}
{"temp/hum": "63.70/19.50"}
{"temp/hum": "64.20/19.40"}
{"temp/hum": "64.60/19.40"}
{"temp/hum": "64.50/19.30"}
{"temp/hum": "65.50/19.20"}
{"temp/hum": "65.30/19.20"}
{"temp/hum": "65.80/19.10"}
{"temp/hum": "66.50/19.10"}
{"temp/hum": "67.30/19.00"}
{"temp/hum": "67.30/19.00"}
{"temp/hum": "67.40/19.10"}
{"temp/hum": "67.10/19.10"}
{"temp/hum": "67.00/19.00"}
{"temp/hum": "66.90/19.00"}
{"temp/hum": "67.30/18.90"}
{"temp/hum": "66.70/18.90"}
{"temp/hum": "67.30/18.90"}
{"temp/hum": "67.50/19.00"}
{"temp/hum": "67.40/19.00"}
{"temp/hum": "66.60/19.00"}
{"temp/hum": "67.10/19.00"}
{"temp/hum": "67.60/19.00"}
{"temp/hum": "67.10/19.00"}
{"temp/hum": "67.20/19.00"}
{"temp/hum": "67.40/19.10"}
{"temp/hum": "67.10/19.00"}
{"temp/hum": "67.30/19.00"}
{"temp/hum": "67.10/19.00"}
{"temp/hum": "67.50/19.00"}
{"temp/hum": "67.50/19.00"}
{"temp/hum": "67.30/19.00"}
{"temp/hum": "67.50/19.00"}
{"temp/hum": "66.90/19.10"}
{"temp/hum": "66.90/19.00"}
{"temp/hum": "67.30/19.00"}
{"temp/hum": "67.10/19.00"}
{"temp/hum": "66.90/19.10"}
{"temp/hum": "66.90/19.00"}
{"temp/hum": "67.00/19.00"}
{"temp/hum": "66.60/19.00"}
{"temp/hum": "66.60/19.00"}
{"temp/hum": "66.50/19.00"}
{"temp/hum": "66.50/19.00"}
{"temp/hum": "66.70/19.00"}
{"temp/hum": "66.90/19.00"}
{"temp/hum": "66.90/19.00"}
{"temp/hum": "66.30/19.00"}
{"temp/hum": "66.70/19.00"}
{"temp/hum": "66.70/19.00"}
{"temp/hum": "66.70/19.10"}
{"temp/hum": "66.80/19.10"}
{"temp/hum": "66.60/19.10"}
{"temp/hum": "66.60/19.10"}
{"temp/hum": "66.50/19.10"}
{"temp/hum": "66.20/19.10"}
{"temp/hum": "66.50/19.10"}
{"temp/hum": "66.60/19.00"}
{"temp/hum": "66.50/19.10"}
{"temp/hum": "66.20/19.00"}
{"temp/hum": "66.30/19.10"}
{"temp/hum": "66.10/19.00"}
{"temp/hum": "66.30/19.10"}
{"temp/hum": "66.20/19.10"}
{"temp/hum": "66.10/19.10"}
{"temp/hum": "66.10/19.10"}
{"temp/hum": "65.50/19.10"}
{"temp/hum": "65.80/19.10"}
{"temp/hum": "65.80/19.10"}
{"temp/hum": "66.20/19.20"}
{"temp/hum": "65.80/19.20"}
{"temp/hum": "66.00/19.20"}
{"temp/hum": "66.10/19.20"}
{"temp/hum": "66.20/19.20"}
{"temp/hum": "65.30/19.20"}
{"temp/hum": "65.80/19.20"}
{"temp/hum": "66.10/19.20"}
{"temp/hum": "65.50/19.20"}
{"temp/hum": "65.70/19.20"}
{"temp/hum": "65.80/19.20"}
{"temp/hum": "65.80/19.20"}
{"temp/hum": "65.60/19.20"}
{"temp/hum": "65.20/19.20"}
{"temp/hum": "65.60/19.30"}
{"temp/hum": "65.40/19.20"}
{"temp/hum": "65.80/19.20"}
{"temp/hum": "65.80/19.30"}
{"temp/hum": "65.80/19.30"}
{"temp/hum": "65.50/19.30"}
{"temp/hum": "65.80/19.30"}
{"temp/hum": "65.60/19.30"}
{"temp/hum": "65.70/19.40"}
{"temp/hum": "65.70/19.40"}
{"temp/hum": "65.10/19.40"}
{"temp/hum": "65.50/19.30"}
{"temp/hum": "65.50/19.30"}
{"temp/hum": "65.60/19.30"}
{"temp/hum": "65.90/19.40"}
{"temp/hum": "65.80/19.40"}
{"temp/hum": "65.70/19.40"}
{"temp/hum": "65.50/19.50"}
{"temp/hum": "65.70/19.50"}
{"temp/hum": "65.40/19.40"}
{"temp/hum": "65.60/19.40"}
{"temp/hum": "65.50/19.50"}
{"temp/hum": "65.80/19.40"}
{"temp/hum": "65.70/19.50"}
{"temp/hum": "65.60/19.50"}
{"temp/hum": "65.80/19.50"}
{"temp/hum": "65.40/19.50"}
{"temp/hum": "65.80/19.60"}
{"temp/hum": "65.30/19.50"}
{"temp/hum": "65.20/19.50"}
{"temp/hum": "65.50/19.50"}
{"temp/hum": "65.40/19.50"}
{"temp/hum": "65.70/19.50"}
{"temp/hum": "65.70/19.60"}
{"temp/hum": "65.50/19.50"}
{"temp/hum": "65.40/19.50"}
{"temp/hum": "65.50/19.60"}
{"temp/hum": "65.50/19.50"}
{"temp/hum": "65.70/19.60"}
{"temp/hum": "65.50/19.60"}
{"temp/hum": "65.20/19.60"}
{"temp/hum": "65.10/19.60"}
{"temp/hum": "64.70/19.60"}
{"temp/hum": "65.30/19.60"}
{"temp/hum": "64.70/19.60"}
{"temp/hum": "64.90/19.60"}
{"temp/hum": "65.10/19.60"}
{"temp/hum": "65.40/19.60"}
{"temp/hum": "65.10/19.60"}
{"temp/hum": "64.50/19.70"}
{"temp/hum": "64.90/19.70"}
{"temp/hum": "64.90/19.70"}
{"temp/hum": "65.10/19.70"}
{"temp/hum": "65.00/19.70"}
{"temp/hum": "64.80/19.70"}
{"temp/hum": "65.00/19.70"}
{"temp/hum": "65.00/19.70"}
{"temp/hum": "64.90/19.70"}
{"temp/hum": "64.40/19.70"}
{"temp/hum": "64.60/19.70"}
{"temp/hum": "64.80/19.70"}
{"temp/hum": "65.20/19.70"}
{"temp/hum": "65.10/19.80"}
{"temp/hum": "64.50/19.70"}
{"temp/hum": "64.00/19.80"}
{"temp/hum": "64.20/19.70"}
{"temp/hum": "64.70/19.70"}
{"temp/hum": "64.70/19.80"}
{"temp/hum": "64.10/19.80"}
{"temp/hum": "64.80/19.80"}
{"temp/hum": "63.90/19.80"}
{"temp/hum": "64.80/19.80"}
{"temp/hum": "63.70/19.80"}
{"temp/hum": "64.60/19.80"}
{"temp/hum": "64.60/19.80"}
{"temp/hum": "64.30/19.80"}
{"temp/hum": "64.00/19.80"}
{"temp/hum": "64.20/19.80"}
{"temp/hum": "63.80/19.80"}
{"temp/hum": "63.70/19.80"}
{"temp/hum": "63.20/19.80"}
{"temp/hum": "64.00/19.80"}
{"temp/hum": "63.80/19.80"}
{"temp/hum": "63.80/19.80"}
{"temp/hum": "64.50/19.80"}
{"temp/hum": "63.90/19.80"}
{"temp/hum": "63.10/19.90"}
{"temp/hum": "64.10/19.90"}
{"temp/hum": "64.10/20.00"}
{"temp/hum": "64.00/19.90"}
{"temp/hum": "63.40/19.90"}
{"temp/hum": "63.20/19.90"}
{"temp/hum": "63.90/19.90"}
{"temp/hum": "63.80/19.90"}
{"temp/hum": "63.40/19.90"}
{"temp/hum": "63.50/19.90"}
{"temp/hum": "63.00/19.90"}
{"temp/hum": "64.00/19.90"}
{"temp/hum": "64.30/20.00"}
{"temp/hum": "63.30/20.00"}
{"temp/hum": "62.40/20.00"}
{"temp/hum": "62.60/19.90"}
{"temp/hum": "63.00/20.00"}
{"temp/hum": "63.20/19.90"}
{"temp/hum": "63.30/20.00"}
{"temp/hum": "64.10/20.00"}
{"temp/hum": "64.00/20.00"}
{"temp/hum": "63.00/20.00"}
{"temp/hum": "63.60/20.00"}
{"temp/hum": "63.70/20.00"}
{"temp/hum": "63.60/20.00"}
{"temp/hum": "63.50/20.00"}
{"temp/hum": "63.70/20.00"}
{"temp/hum": "63.70/20.00"}
{"temp/hum": "63.20/19.90"}
{"temp/hum": "63.60/19.90"}
{"temp/hum": "63.00/20.00"}
{"temp/hum": "63.10/20.00"}
{"temp/hum": "62.90/19.90"}
{"temp/hum": "63.70/20.00"}
{"temp/hum": "63.30/20.10"}
{"temp/hum": "63.40/20.10"}
{"temp/hum": "63.20/20.10"}
{"temp/hum": "63.40/20.10"}
{"temp/hum": "63.20/20.00"}
{"temp/hum": "62.80/20.10"}
{"temp/hum": "62.40/20.00"}
{"temp/hum": "61.90/20.00"}
{"temp/hum": "62.20/19.90"}
{"temp/hum": "62.40/19.90"}
{"temp/hum": "62.10/19.90"}
{"temp/hum": "60.90/19.90"}
{"temp/hum": "61.30/19.80"}
{"temp/hum": "61.40/19.80"}
{"temp/hum": "62.90/19.80"}
{"temp/hum": "61.70/19.80"}
{"temp/hum": "61.60/19.70"}
{"temp/hum": "61.80/19.70"}
{"temp/hum": "61.90/19.70"}
{"temp/hum": "62.00/19.60"}
{"temp/hum": "61.50/19.60"}
{"temp/hum": "62.00/19.60"}
{"temp/hum": "62.60/19.60"}
{"temp/hum": "61.60/19.60"}
{"temp/hum": "61.20/19.60"}
{"temp/hum": "62.00/19.60"}
{"temp/hum": "61.80/19.50"}
{"temp/hum": "61.60/19.50"}
{"temp/hum": "62.60/19.50"}
{"temp/hum": "62.30/19.50"}
{"temp/hum": "61.20/19.40"}
{"temp/hum": "61.70/19.40"}
{"temp/hum": "62.40/19.40"}
{"temp/hum": "62.50/19.40"}
{"temp/hum": "63.10/19.40"}
{"temp/hum": "62.90/19.40"}
{"temp/hum": "62.60/19.40"}
{"temp/hum": "62.50/19.40"}
{"temp/hum": "61.80/19.40"}
{"temp/hum": "62.70/19.40"}
{"temp/hum": "62.50/19.40"}
{"temp/hum": "62.70/19.30"}
{"temp/hum": "62.00/19.30"}
{"temp/hum": "61.60/19.30"}
{"temp/hum": "62.40/19.30"}
{"temp/hum": "61.30/19.30"}
{"temp/hum": "61.90/19.30"}
{"temp/hum": "62.50/19.30"}
{"temp/hum": "62.20/19.20"}
{"temp/hum": "62.30/19.20"}
{"temp/hum": "61.90/19.20"}
{"temp/hum": "62.30/19.20"}
{"temp/hum": "62.20/19.20"}
{"temp/hum": "62.40/19.20"}
{"temp/hum": "62.10/19.20"}
{"temp/hum": "62.30/19.20"}
{"temp/hum": "62.00/19.20"}
{"temp/hum": "62.80/19.30"}
{"temp/hum": "62.70/19.20"}
{"temp/hum": "63.10/19.20"}
{"temp/hum": "61.50/19.20"}
{"temp/hum": "63.60/19.20"}
{"temp/hum": "60.80/19.30"}
{"temp/hum": "61.00/19.20"}
{"temp/hum": "61.50/19.20"}
{"temp/hum": "61.80/19.20"}
{"temp/hum": "60.00/19.20"}
{"temp/hum": "61.20/19.20"}
{"temp/hum": "61.40/19.20"}
{"temp/hum": "60.50/19.20"}
{"temp/hum": "61.20/19.20"}
{"temp/hum": "61.20/19.20"}
{"temp/hum": "62.30/19.20"}
{"temp/hum": "61.80/19.20"}
{"temp/hum": "63.20/19.20"}
{"temp/hum": "63.00/19.20"}
{"temp/hum": "62.00/19.20"}
{"temp/hum": "61.30/19.20"}
{"temp/hum": "62.00/19.20"}
{"temp/hum": "63.10/19.20"}
{"temp/hum": "63.10/19.20"}
{"temp/hum": "61.70/19.20"}
{"temp/hum": "62.00/19.30"}
{"temp/hum": "61.80/19.30"}
{"temp/hum": "60.30/19.30"}
{"temp/hum": "59.80/19.30"}
{"temp/hum": "60.40/19.30"}
{"temp/hum": "59.70/19.20"}
{"temp/hum": "59.80/19.30"}
{"temp/hum": "58.90/19.30"}
{"temp/hum": "60.30/19.20"}
{"temp/hum": "60.60/19.30"}
{"temp/hum": "59.90/19.20"}
{"temp/hum": "59.50/19.20"}
{"temp/hum": "59.30/19.20"}
{"temp/hum": "58.60/19.20"}
{"temp/hum": "59.50/19.20"}
{"temp/hum": "59.50/19.20"}
{"temp/hum": "59.20/19.20"}
{"temp/hum": "59.30/19.20"}
{"temp/hum": "59.00/19.20"}
{"temp/hum": "60.00/19.20"}
{"temp/hum": "59.60/19.20"}
{"temp/hum": "58.80/19.20"}
{"temp/hum": "59.00/19.10"}
{"temp/hum": "59.20/19.20"}
{"temp/hum": "58.80/19.20"}
{"temp/hum": "58.90/19.20"}
{"temp/hum": "58.60/19.20"}
{"temp/hum": "59.40/19.20"}
{"temp/hum": "58.60/19.20"}
{"temp/hum": "58.50/19.10"}
{"temp/hum": "58.80/19.20"}
{"temp/hum": "58.00/19.10"}
{"temp/hum": "59.40/19.20"}
{"temp/hum": "58.70/19.20"}
{"temp/hum": "58.30/19.20"}
{"temp/hum": "58.80/19.20"}
{"temp/hum": "58.70/19.20"}
{"temp/hum": "57.70/19.20"}
{"temp/hum": "57.80/19.20"}
{"temp/hum": "57.50/19.20"}
{"temp/hum": "58.00/19.30"}
{"temp/hum": "58.00/19.20"}
{"temp/hum": "57.70/19.20"}
{"temp/hum": "58.00/19.30"}
{"temp/hum": "57.10/19.20"}
{"temp/hum": "57.80/19.20"}
{"temp/hum": "57.90/19.20"}
{"temp/hum": "58.00/19.20"}
{"temp/hum": "57.60/19.20"}
{"temp/hum": "57.10/19.20"}
{"temp/hum": "57.50/19.30"}
{"temp/hum": "57.50/19.30"}
{"temp/hum": "57.20/19.30"}
{"temp/hum": "57.40/19.30"}
{"temp/hum": "57.60/19.30"}
{"temp/hum": "57.50/19.20"}
{"temp/hum": "57.50/19.20"}
{"temp/hum": "57.00/19.20"}
{"temp/hum": "57.10/19.30"}
{"temp/hum": "57.10/19.30"}
{"temp/hum": "57.40/19.30"}
{"temp/hum": "57.20/19.30"}
{"temp/hum": "57.60/19.30"}
{"temp/hum": "57.30/19.30"}
{"temp/hum": "57.60/19.30"}
{"temp/hum": "57.40/19.30"}
{"temp/hum": "57.30/19.30"}
{"temp/hum": "56.70/19.30"}
{"temp/hum": "56.90/19.30"}
{"temp/hum": "56.70/19.30"}
{"temp/hum": "56.70/19.40"}
{"temp/hum": "56.30/19.40"}
{"temp/hum": "55.50/19.40"}
{"temp/hum": "55.00/19.40"}
{"temp/hum": "55.80/19.40"}
{"temp/hum": "55.90/19.40"}
{"temp/hum": "55.20/19.40"}
{"temp/hum": "55.50/19.40"}
{"temp/hum": "56.40/19.40"}
{"temp/hum": "56.60/19.40"}
{"temp/hum": "56.30/19.40"}
{"temp/hum": "55.80/19.40"}
{"temp/hum": "55.80/19.40"}
{"temp/hum": "55.90/19.40"}
{"temp/hum": "55.50/19.40"}
{"temp/hum": "55.20/19.30"}
{"temp/hum": "55.00/19.40"}
{"temp/hum": "55.60/19.40"}
{"temp/hum": "55.10/19.40"}
{"temp/hum": "55.30/19.40"}
{"temp/hum": "55.60/19.40"}
{"temp/hum": "55.40/19.40"}
{"temp/hum": "55.40/19.40"}
{"temp/hum": "55.30/19.40"}
{"temp/hum": "55.40/19.40"}
{"temp/hum": "55.00/19.40"}
{"temp/hum": "55.10/19.30"}
{"temp/hum": "55.10/19.30"}
{"temp/hum": "55.10/19.30"}
{"temp/hum": "55.50/19.30"}
{"temp/hum": "55.40/19.30"}
{"temp/hum": "55.60/19.40"}
{"temp/hum": "55.10/19.40"}
{"temp/hum": "55.10/19.30"}
{"temp/hum": "55.50/19.40"}
{"temp/hum": "55.10/19.40"}
{"temp/hum": "54.90/19.30"}
{"temp/hum": "55.00/19.30"}
{"temp/hum": "55.10/19.30"}
{"temp/hum": "55.20/19.30"}
{"temp/hum": "55.70/19.40"}
{"temp/hum": "55.40/19.30"}
{"temp/hum": "55.70/19.30"}
{"temp/hum": "55.70/19.30"}
{"temp/hum": "55.70/19.30"}
{"temp/hum": "55.80/19.30"}
{"temp/hum": "55.70/19.30"}
{"temp/hum": "56.10/19.30"}
{"temp/hum": "56.00/19.30"}
{"temp/hum": "55.00/19.30"}
{"temp/hum": "55.70/19.30"}
{"temp/hum": "55.60/19.20"}
{"temp/hum": "55.70/19.30"}
{"temp/hum": "55.60/19.30"}
{"temp/hum": "55.70/19.30"}
{"temp/hum": "55.80/19.30"}
{"temp/hum": "55.30/19.20"}
{"temp/hum": "55.20/19.20"}
{"temp/hum": "55.40/19.20"}
{"temp/hum": "55.00/19.20"}
{"temp/hum": "55.10/19.20"}
{"temp/hum": "54.90/19.10"}
{"temp/hum": "55.40/19.20"}
{"temp/hum": "55.30/19.10"}
{"temp/hum": "55.60/19.10"}
{"temp/hum": "54.90/19.10"}
{"temp/hum": "56.00/19.10"}
{"temp/hum": "56.60/19.10"}
{"temp/hum": "56.00/19.00"}
{"temp/hum": "56.40/19.00"}
{"temp/hum": "56.50/19.00"}
{"temp/hum": "56.70/19.00"}
{"temp/hum": "56.00/18.90"}
{"temp/hum": "57.00/18.90"}
{"temp/hum": "57.20/18.90"}
{"temp/hum": "56.70/18.80"}
{"temp/hum": "57.00/18.80"}
{"temp/hum": "56.80/18.80"}
{"temp/hum": "56.90/18.80"}
{"temp/hum": "57.50/18.80"}
{"temp/hum": "57.70/18.80"}
{"temp/hum": "57.00/18.80"}
{"temp/hum": "57.30/18.70"}
{"temp/hum": "58.00/18.80"}
{"temp/hum": "58.00/18.80"}
{"temp/hum": "58.20/18.80"}
{"temp/hum": "57.70/18.80"}
{"temp/hum": "57.80/18.70"}
{"temp/hum": "57.80/18.70"}
{"temp/hum": "58.10/18.70"}
{"temp/hum": "58.50/18.70"}
{"temp/hum": "57.90/18.70"}
{"temp/hum": "58.50/18.60"}
{"temp/hum": "58.40/18.60"}
{"temp/hum": "58.50/18.60"}
Decoding JSON has failed for: "ULTASONIC - Distance": "148"}
Decoding JSON has failed for: "ULTASONIC - Distance": "150"}
Decoding JSON has failed for: {"ULTASONIC - Distanc: "149"}
Decoding JSON has failed for: {"DC": "=== MOVING DC FORWARD ===""ULTASONIC - Distance": "149"}
{"temp/hum": "80.40/21.00"}
{"temp/hum": "80.50/21.00"}
{"temp/hum": "80.60/20.90"}
{"temp/hum": "80.80/20.90"}
{"temp/hum": "80.90/20.90"}
{"temp/hum": "81.00/20.90"}
{"temp/hum": "81.00/20.90"}
{"temp/hum": "81.00/20.90"}
{"temp/hum": "81.10/20.90"}
{"temp/hum": "81.00/20.80"}
{"temp/hum": "81.00/20.80"}
{"temp/hum": "81.10/20.80"}
{"temp/hum": "81.00/20.80"}
{"temp/hum": "81.10/20.80"}
{"temp/hum": "81.10/20.90"}
{"temp/hum": "81.10/20.80"}
{"temp/hum": "81.10/20.80"}
{"temp/hum": "81.10/20.80"}
{"temp/hum": "81.10/20.80"}
{"temp/hum": "81.10/20.80"}
{"temp/hum": "81.10/20.80"}
{"temp/hum": "81.20/20.80"}
{"temp/hum": "81.20/20.80"}
{"temp/hum": "81.10/20.80"}
{"temp/hum": "81.10/20.80"}
{"temp/hum": "81.20/20.80"}
{"temp/hum": "81.20/20.80"}
{"temp/hum": "81.20/20.80"}
{"temp/hum": "81.20/20.80"}
{"temp/hum": "81.20/20.80"}
{"temp/hum": "81.20/20.80"}
{"temp/hum": "81.20/20.80"}
{"temp/hum": "81.20/20.80"}
{"temp/hum": "81.20/20.80"}
{"temp/hum": "81.20/20.80"}
{"temp/hum": "81.20/20.80"}
{"temp/hum": "81.20/20.80"}
{"temp/hum": "81.20/20.80"}
{"temp/hum": "81.30/20.80"}
{"temp/hum": "81.10/20.80"}
{"temp/hum": "80.40/20.80"}
{"temp/hum": "80.00/20.70"}
{"temp/hum": "80.10/20.70"}
{"temp/hum": "80.20/20.70"}
{"temp/hum": "80.60/20.70"}
{"temp/hum": "80.90/20.70"}
{"temp/hum": "80.80/20.60"}
{"temp/hum": "80.90/20.60"}
{"temp/hum": "81.20/20.60"}
{"temp/hum": "81.30/20.60"}
{"temp/hum": "81.40/20.60"}
{"temp/hum": "81.40/20.60"}
{"temp/hum": "81.60/20.60"}
{"temp/hum": "81.60/20.60"}
{"temp/hum": "81.60/20.60"}
{"temp/hum": "81.50/20.50"}
{"temp/hum": "81.50/20.50"}
{"temp/hum": "81.60/20.50"}
{"temp/hum": "81.60/20.50"}
{"temp/hum": "81.60/20.50"}
{"temp/hum": "81.60/20.50"}
{"temp/hum": "81.60/20.50"}
{"temp/hum": "81.60/20.50"}
{"temp/hum": "81.50/20.50"}
{"temp/hum": "81.50/20.50"}
{"temp/hum": "81.50/20.50"}
{"temp/hum": "81.50/20.50"}
{"temp/hum": "81.50/20.50"}
{"temp/hum": "81.40/20.50"}
{"temp/hum": "81.50/20.50"}
{"temp/hum": "81.40/20.40"}
{"temp/hum": "81.40/20.40"}
{"temp/hum": "81.40/20.50"}
{"temp/hum": "81.30/20.40"}
{"temp/hum": "81.30/20.40"}
{"temp/hum": "81.40/20.40"}
{"temp/hum": "81.30/20.40"}
{"temp/hum": "81.30/20.40"}
{"temp/hum": "81.30/20.40"}
{"temp/hum": "81.30/20.40"}
{"temp/hum": "81.20/20.40"}
{"temp/hum": "81.20/20.40"}
{"temp/hum": "81.20/20.40"}
{"temp/hum": "81.30/20.40"}
{"temp/hum": "81.20/20.40"}
{"temp/hum": "81.20/20.40"}
{"temp/hum": "81.20/20.40"}
{"temp/hum": "81.20/20.40"}
{"temp/hum": "81.20/20.40"}
{"temp/hum": "81.20/20.40"}
{"temp/hum": "81.20/20.40"}
{"temp/hum": "81.20/20.40"}
{"temp/hum": "81.20/20.40"}
{"temp/hum": "81.10/20.40"}
{"temp/hum": "81.20/20.40"}
{"temp/hum": "81.20/20.40"}
{"temp/hum": "81.20/20.40"}
{"temp/hum": "81.20/20.40"}
{"temp/hum": "81.20/20.40"}
{"temp/hum": "81.30/20.40"}
{"temp/hum": "81.50/20.40"}
{"temp/hum": "81.50/20.40"}
{"temp/hum": "81.60/20.40"}
{"temp/hum": "81.60/20.40"}
{"temp/hum": "82.20/20.40"}
{"temp/hum": "82.20/20.40"}
{"temp/hum": "82.10/20.40"}
{"temp/hum": "82.40/20.40"}
{"temp/hum": "83.00/20.40"}
{"temp/hum": "83.00/20.40"}
{"temp/hum": "82.90/20.40"}
{"temp/hum": "82.90/20.40"}
{"temp/hum": "83.70/20.40"}
{"temp/hum": "83.60/20.50"}
{"temp/hum": "83.60/20.50"}
{"temp/hum": "83.80/20.50"}
{"temp/hum": "84.60/20.50"}
{"temp/hum": "84.40/20.50"}
{"temp/hum": "84.20/20.50"}
{"temp/hum": "84.30/20.50"}
{"temp/hum": "85.30/20.50"}
{"temp/hum": "85.40/20.50"}
{"temp/hum": "85.30/20.50"}
{"temp/hum": "85.20/20.50"}
{"temp/hum": "86.70/20.60"}
{"temp/hum": "86.50/20.60"}
{"temp/hum": "86.20/20.60"}
{"temp/hum": "85.90/20.50"}
{"temp/hum": "87.20/20.60"}
{"temp/hum": "86.90/20.60"}
{"temp/hum": "86.90/20.60"}
{"temp/hum": "86.40/20.60"}
{"temp/hum": "87.30/20.60"}
{"temp/hum": "87.20/20.60"}
{"temp/hum": "86.60/20.60"}
{"temp/hum": "86.30/20.60"}
{"temp/hum": "86.80/20.60"}
{"temp/hum": "86.60/20.70"}
{"temp/hum": "86.50/20.70"}
{"temp/hum": "86.30/20.60"}
{"temp/hum": "86.60/20.60"}
{"temp/hum": "86.40/20.60"}
{"temp/hum": "86.40/20.60"}
{"temp/hum": "86.30/20.60"}
{"temp/hum": "86.20/20.60"}
{"temp/hum": "85.90/20.60"}
{"temp/hum": "85.90/20.60"}
{"temp/hum": "85.60/20.60"}
{"temp/hum": "85.80/20.60"}
{"temp/hum": "85.80/20.60"}
{"temp/hum": "85.80/20.60"}
{"temp/hum": "85.50/20.60"}
{"temp/hum": "85.60/20.60"}
{"temp/hum": "85.50/20.60"}
{"temp/hum": "85.40/20.60"}
{"temp/hum": "85.30/20.60"}
{"temp/hum": "85.30/20.50"}
{"temp/hum": "85.50/20.60"}
{"temp/hum": "85.20/20.50"}
{"temp/hum": "85.40/20.60"}
{"temp/hum": "85.50/20.50"}
{"temp/hum": "85.20/20.60"}
{"temp/hum": "85.10/20.50"}
{"temp/hum": "85.10/20.50"}
{"temp/hum": "85.30/20.50"}
{"temp/hum": "85.20/20.60"}
{"temp/hum": "85.00/20.50"}
{"temp/hum": "85.00/20.50"}
{"temp/hum": "85.20/20.50"}
{"temp/hum": "85.00/20.50"}
{"temp/hum": "84.90/20.50"}
{"temp/hum": "84.90/20.50"}
{"temp/hum": "85.00/20.50"}
{"temp/hum": "85.00/20.50"}
{"temp/hum": "84.90/20.50"}
{"temp/hum": "84.90/20.50"}
{"temp/hum": "84.90/20.40"}
{"temp/hum": "84.80/20.50"}
{"temp/hum": "84.80/20.50"}
{"temp/hum": "84.80/20.50"}
{"temp/hum": "84.80/20.40"}
{"temp/hum": "84.80/20.40"}
{"temp/hum": "84.60/20.40"}
{"temp/hum": "84.70/20.40"}
{"temp/hum": "84.80/20.40"}
{"temp/hum": "84.80/20.40"}
{"temp/hum": "84.60/20.40"}
{"temp/hum": "84.60/20.40"}
{"temp/hum": "84.70/20.40"}
{"temp/hum": "84.60/20.40"}
{"temp/hum": "84.60/20.40"}
{"temp/hum": "84.60/20.40"}
{"temp/hum": "84.60/20.40"}
{"temp/hum": "84.50/20.40"}
{"temp/hum": "84.40/20.40"}
{"temp/hum": "84.50/20.40"}
{"temp/hum": "84.50/20.40"}
{"temp/hum": "84.40/20.40"}
{"temp/hum": "84.40/20.40"}
{"temp/hum": "84.40/20.40"}
{"temp/hum": "84.60/20.40"}
{"temp/hum": "84.50/20.40"}
{"temp/hum": "84.40/20.40"}
{"temp/hum": "84.40/20.40"}
{"temp/hum": "84.40/20.30"}
{"temp/hum": "84.40/20.40"}
{"temp/hum": "84.30/20.30"}
{"temp/hum": "84.20/20.30"}
{"temp/hum": "84.40/20.30"}
{"temp/hum": "84.30/20.40"}
{"temp/hum": "84.30/20.40"}
{"temp/hum": "84.20/20.30"}
{"temp/hum": "84.30/20.30"}
{"temp/hum": "84.20/20.30"}
{"temp/hum": "84.20/20.30"}
{"temp/hum": "84.20/20.30"}
{"temp/hum": "84.20/20.30"}
{"temp/hum": "84.20/20.30"}
{"temp/hum": "84.20/20.30"}
{"temp/hum": "84.20/20.30"}
{"temp/hum": "84.30/20.30"}
{"temp/hum": "84.20/20.30"}
{"temp/hum": "84.10/20.30"}
{"temp/hum": "84.10/20.30"}
{"temp/hum": "84.20/20.30"}
{"temp/hum": "84.10/20.30"}
{"temp/hum": "84.10/20.30"}
{"temp/hum": "84.10/20.30"}
{"temp/hum": "84.10/20.30"}
{"temp/hum": "84.10/20.30"}
{"temp/hum": "84.10/20.30"}
{"temp/hum": "84.10/20.30"}
{"temp/hum": "84.10/20.30"}
{"temp/hum": "84.10/20.30"}
{"temp/hum": "84.10/20.30"}
{"temp/hum": "84.10/20.30"}
{"temp/hum": "84.10/20.30"}
{"temp/hum": "84.00/20.30"}
{"temp/hum": "83.90/20.30"}
{"temp/hum": "84.00/20.30"}
{"temp/hum": "84.00/20.30"}
{"temp/hum": "83.90/20.30"}
{"temp/hum": "83.90/20.30"}
{"temp/hum": "83.90/20.30"}
{"temp/hum": "83.90/20.20"}
{"temp/hum": "83.90/20.30"}
{"temp/hum": "83.90/20.30"}
{"temp/hum": "83.90/20.30"}
{"temp/hum": "83.90/20.30"}
{"temp/hum": "84.00/20.30"}
{"temp/hum": "82.30/20.30"}
{"temp/hum": "83.90/20.20"}
{"temp/hum": "83.90/20.20"}
{"temp/hum": "84.00/20.30"}
{"temp/hum": "83.80/20.20"}
{"temp/hum": "83.80/20.20"}
{"temp/hum": "83.90/20.20"}
{"temp/hum": "84.00/20.30"}
{"temp/hum": "83.80/20.20"}
{"temp/hum": "83.80/20.20"}
{"temp/hum": "83.90/20.20"}
{"temp/hum": "83.80/20.30"}
{"temp/hum": "83.80/20.30"}
{"temp/hum": "83.80/20.20"}
{"temp/hum": "83.80/20.20"}
{"temp/hum": "83.80/20.30"}
{"temp/hum": "83.70/20.20"}
{"temp/hum": "83.80/20.20"}
{"temp/hum": "83.80/20.20"}
{"temp/hum": "83.90/20.20"}
{"temp/hum": "83.90/20.20"}
{"temp/hum": "83.90/20.20"}
{"temp/hum": "83.90/20.20"}
{"temp/hum": "83.80/20.20"}
{"temp/hum": "83.90/20.20"}
{"temp/hum": "83.80/20.10"}
{"temp/hum": "83.90/20.10"}
{"temp/hum": "83.90/20.20"}
{"temp/hum": "83.90/20.20"}
{"temp/hum": "83.90/20.20"}
{"temp/hum": "83.90/20.10"}
{"temp/hum": "83.90/20.10"}
{"temp/hum": "83.90/20.10"}
{"temp/hum": "83.90/20.10"}
{"temp/hum": "83.90/20.10"}
{"temp/hum": "83.90/20.20"}
{"temp/hum": "83.80/20.10"}
{"temp/hum": "83.90/20.10"}
{"temp/hum": "83.90/20.10"}
{"temp/hum": "83.90/20.10"}
{"temp/hum": "83.80/20.10"}
{"temp/hum": "83.90/20.10"}
{"temp/hum": "83.90/20.10"}{"temp/hum": "88.20/19.60"}
{"temp/hum": "89.10/19.60"}
{"temp/hum": "89.60/19.60"}
{"temp/hum": "89.70/19.60"}
{"temp/hum": "89.90/19.60"}
{"temp/hum": "89.70/19.70"}
{"temp/hum": "88.50/19.70"}
{"temp/hum": "87.40/19.90"}
{"temp/hum": "86.20/20.10"}
{"temp/hum": "85.80/20.30"}
{"temp/hum": "85.00/20.30"}
{"temp/hum": "84.90/20.40"}
{"temp/hum": "84.60/20.40"}
{"temp/hum": "84.10/20.40"}
{"temp/hum": "84.00/20.40"}
{"temp/hum": "84.00/20.50"}
{"temp/hum": "83.50/20.50"}
{"temp/hum": "82.70/20.50"}
{"temp/hum": "83.60/20.50"}
{"temp/hum": "82.70/20.60"}
{"temp/hum": "81.80/20.50"}
{"temp/hum": "82.20/20.50"}
{"temp/hum": "82.10/20.50"}
{"temp/hum": "82.40/20.60"}
{"temp/hum": "82.40/20.70"}
{"temp/hum": "82.40/20.70"}
{"temp/hum": "82.20/20.80"}
{"temp/hum": "82.30/20.90"}
{"temp/hum": "81.50/20.80"}
{"temp/hum": "81.40/20.90"}
{"temp/hum": "81.30/20.90"}
{"temp/hum": "80.70/21.00"}
{"temp/hum": "80.70/21.00"}
{"temp/hum": "80.60/21.00"}
{"temp/hum": "80.50/21.00"}
{"temp/hum": "80.40/21.10"}
{"temp/hum": "79.90/21.10"}
{"temp/hum": "79.30/21.20"}
{"temp/hum": "79.60/21.20"}
{"temp/hum": "79.40/21.20"}
{"temp/hum": "79.30/21.30"}
{"temp/hum": "79.40/21.30"}
{"temp/hum": "79.30/21.40"}
{"temp/hum": "79.20/21.40"}
{"temp/hum": "78.80/21.40"}
{"temp/hum": "78.70/21.40"}
{"temp/hum": "78.80/21.40"}
{"temp/hum": "78.60/21.40"}
{"temp/hum": "78.70/21.30"}
{"temp/hum": "78.90/21.40"}
{"temp/hum": "78.80/21.40"}
{"temp/hum": "78.50/21.40"}
{"temp/hum": "78.10/21.40"}
{"temp/hum": "78.20/21.40"}
{"temp/hum": "78.00/21.40"}
{"temp/hum": "78.30/21.40"}
{"temp/hum": "78.10/21.40"}
{"temp/hum": "78.20/21.40"}
{"temp/hum": "78.00/21.40"}
{"temp/hum": "77.90/21.40"}
{"temp/hum": "78.10/21.40"}
{"temp/hum": "78.20/21.40"}
{"temp/hum": "78.50/21.50"}
{"temp/hum": "78.30/21.50"}
{"temp/hum": "78.10/21.50"}
{"temp/hum": "78.20/21.50"}
{"temp/hum": "77.90/21.60"}
{"temp/hum": "77.60/21.60"}
{"temp/hum": "77.80/21.60"}
{"temp/hum": "77.60/21.60"}
{"temp/hum": "77.70/21.50"}
{"temp/hum": "77.90/21.50"}
{"temp/hum": "77.50/21.50"}
{"temp/hum": "77.50/21.50"}
{"temp/hum": "77.50/21.50"}
{"temp/hum": "77.30/21.50"}
{"temp/hum": "77.40/21.50"}
{"temp/hum": "77.10/21.50"}
{"temp/hum": "77.20/21.50"}
{"temp/hum": "77.10/21.50"}
{"temp/hum": "77.20/21.50"}
{"temp/hum": "77.40/21.50"}
{"temp/hum": "77.10/21.50"}
{"temp/hum": "77.30/21.60"}
{"temp/hum": "77.10/21.60"}
{"temp/hum": "77.00/21.60"}
{"temp/hum": "77.20/21.60"}
{"temp/hum": "75.20/21.60"}
{"temp/hum": "77.00/21.60"}
{"temp/hum": "77.10/21.60"}
{"temp/hum": "76.80/21.60"}
{"temp/hum": "76.90/21.50"}
{"temp/hum": "76.90/21.60"}
{"temp/hum": "76.90/21.60"}
{"temp/hum": "76.70/21.60"}
{"temp/hum": "76.60/21.60"}
{"temp/hum": "76.80/21.60"}
{"temp/hum": "76.60/21.70"}
{"temp/hum": "76.40/21.60"}
{"temp/hum": "76.40/21.60"}
{"temp/hum": "76.50/21.60"}
{"temp/hum": "76.40/21.70"}
{"temp/hum": "76.20/21.70"}
{"temp/hum": "75.90/21.70"}
{"temp/hum": "75.90/21.70"}
{"temp/hum": "79.70/21.70"}
{"temp/hum": "78.50/21.60"}
{"temp/hum": "77.80/21.60"}
{"temp/hum": "77.20/21.50"}
{"temp/hum": "78.20/21.60"}
{"temp/hum": "78.20/21.60"}
{"temp/hum": "77.80/21.60"}
{"temp/hum": "78.10/21.50"}
{"temp/hum": "77.20/21.60"}
{"temp/hum": "77.20/21.60"}
{"temp/hum": "77.20/21.60"}
{"temp/hum": "77.40/21.60"}
{"temp/hum": "76.90/21.60"}
{"temp/hum": "77.60/21.60"}
{"temp/hum": "77.90/21.60"}
{"temp/hum": "77.90/21.50"}
{"temp/hum": "77.70/21.50"}
{"temp/hum": "77.90/21.50"}
{"temp/hum": "77.40/21.50"}
{"temp/hum": "77.50/21.60"}
{"temp/hum": "77.80/21.60"}
{"temp/hum": "77.00/21.60"}
{"temp/hum": "77.10/21.50"}
{"temp/hum": "77.10/21.50"}
{"temp/hum": "77.00/21.60"}
{"temp/hum": "76.90/21.60"}
{"temp/hum": "77.10/21.60"}
{"temp/hum": "77.10/21.60"}
{"temp/hum": "76.90/21.60"}
{"temp/hum": "77.20/21.60"}
{"temp/hum": "77.40/21.60"}
{"temp/hum": "77.10/21.60"}
{"temp/hum": "77.20/21.50"}
{"temp/hum": "77.00/21.50"}
{"temp/hum": "77.10/21.60"}
{"temp/hum": "77.90/21.50"}
{"temp/hum": "76.70/21.50"}
{"temp/hum": "77.20/21.50"}
{"temp/hum": "76.80/21.60"}
{"temp/hum": "76.50/21.60"}
{"temp/hum": "77.10/21.60"}
{"temp/hum": "76.80/21.60"}
{"temp/hum": "76.50/21.60"}
{"temp/hum": "76.60/21.60"}
{"temp/hum": "76.30/21.60"}
{"temp/hum": "77.20/21.60"}
{"temp/hum": "76.70/21.60"}
{"temp/hum": "76.30/21.60"}
{"temp/hum": "76.70/21.60"}
{"temp/hum": "76.30/21.60"}
{"temp/hum": "76.30/21.70"}
{"temp/hum": "75.80/21.60"}
{"temp/hum": "76.40/21.60"}
{"temp/hum": "76.20/21.60"}
{"temp/hum": "76.20/21.60"}
{"temp/hum": "76.10/21.60"}
{"temp/hum": "77.20/21.60"}
{"temp/hum": "77.10/21.60"}
{"temp/hum": "76.10/21.60"}
{"temp/hum": "75.90/21.70"}
{"temp/hum": "75.80/21.70"}
{"temp/hum": "75.60/21.80"}
{"temp/hum": "76.30/21.80"}
{"temp/hum": "75.30/21.80"}
{"temp/hum": "75.60/21.80"}
{"temp/hum": "75.80/21.80"}
{"temp/hum": "76.00/21.80"}
{"temp/hum": "76.30/21.70"}
{"temp/hum": "76.00/21.60"}
{"temp/hum": "76.70/21.60"}
{"temp/hum": "77.10/21.50"}
{"temp/hum": "77.70/21.50"}
{"temp/hum": "78.50/21.40"}
{"temp/hum": "78.40/21.40"}
{"temp/hum": "78.50/21.30"}
{"temp/hum": "78.70/21.30"}
{"temp/hum": "79.60/21.30"}
{"temp/hum": "79.30/21.20"}
{"temp/hum": "79.30/21.20"}
{"temp/hum": "79.00/21.20"}
{"temp/hum": "78.80/21.10"}
{"temp/hum": "78.60/21.10"}
{"temp/hum": "78.60/21.00"}
{"temp/hum": "78.60/21.00"}
{"temp/hum": "78.60/21.00"}
{"temp/hum": "78.60/21.00"}
{"temp/hum": "78.70/20.90"}
{"temp/hum": "78.60/20.90"}
{"temp/hum": "78.20/20.80"}
{"temp/hum": "78.10/20.80"}
{"temp/hum": "78.10/20.80"}
{"temp/hum": "78.00/20.80"}
{"temp/hum": "78.00/20.80"}
{"temp/hum": "77.90/20.80"}
{"temp/hum": "78.00/20.80"}
{"temp/hum": "78.10/20.70"}
{"temp/hum": "78.20/20.70"}
{"temp/hum": "78.30/20.70"}
{"temp/hum": "78.20/20.70"}
{"temp/hum": "78.30/20.70"}
{"temp/hum": "78.30/20.60"}
{"temp/hum": "78.40/20.60"}
{"temp/hum": "78.50/20.60"}
{"temp/hum": "78.60/20.60"}
{"temp/hum": "78.60/20.60"}
{"temp/hum": "78.50/20.60"}
{"temp/hum": "78.40/20.50"}
{"temp/hum": "78.40/20.50"}
{"temp/hum": "78.30/20.50"}
{"temp/hum": "78.30/20.50"}
{"temp/hum": "78.30/20.50"}
{"temp/hum": "78.30/20.50"}
{"temp/hum": "78.30/20.50"}
{"temp/hum": "78.40/20.50"}
{"temp/hum": "78.30/20.50"}
{"temp/hum": "78.30/20.50"}
{"temp/hum": "78.20/20.40"}
{"temp/hum": "78.20/20.40"}
{"temp/hum": "78.30/20.40"}
{"temp/hum": "78.30/20.40"}
{"temp/hum": "78.40/20.40"}
{"temp/hum": "78.50/20.40"}
{"temp/hum": "78.60/20.40"}
{"temp/hum": "78.60/20.40"}
{"temp/hum": "78.80/20.40"}
{"temp/hum": "78.70/20.40"}
{"temp/hum": "78.70/20.40"}
{"temp/hum": "78.80/20.30"}
{"temp/hum": "78.70/20.30"}
{"temp/hum": "78.60/20.30"}
{"temp/hum": "78.70/20.30"}
{"temp/hum": "78.80/20.30"}
{"temp/hum": "78.70/20.30"}
{"temp/hum": "78.80/20.30"}
{"temp/hum": "78.90/20.30"}
{"temp/hum": "78.70/20.30"}
{"temp/hum": "78.60/20.20"}
{"temp/hum": "78.70/20.30"}
{"temp/hum": "78.70/20.20"}
{"temp/hum": "78.60/20.20"}
{"temp/hum": "78.70/20.20"}
{"temp/hum": "78.40/20.30"}
{"temp/hum": "78.30/20.20"}
{"temp/hum": "78.30/20.20"}
{"temp/hum": "78.30/20.30"}
{"temp/hum": "78.10/20.20"}
{"temp/hum": "76.70/20.30"}
{"temp/hum": "78.30/20.20"}
{"temp/hum": "78.60/20.20"}
{"temp/hum": "78.60/20.20"}
{"temp/hum": "78.60/20.20"}
{"temp/hum": "78.50/20.20"}
{"temp/hum": "78.50/20.20"}
{"temp/hum": "78.50/20.20"}
{"temp/hum": "78.40/20.10"}
{"temp/hum": "78.60/20.10"}
{"temp/hum": "78.60/20.10"}
{"temp/hum": "78.30/20.10"}
{"temp/hum": "78.30/20.10"}
{"temp/hum": "78.50/20.10"}
{"temp/hum": "78.60/20.10"}
{"temp/hum": "78.60/20.10"}
{"temp/hum": "78.60/20.10"}
{"temp/hum": "78.60/20.10"}
{"temp/hum": "78.70/20.10"}
{"temp/hum": "78.70/20.00"}
{"temp/hum": "78.60/20.00"}
{"temp/hum": "78.70/20.10"}
{"temp/hum": "78.50/20.00"}
{"temp/hum": "78.40/20.00"}
{"temp/hum": "78.50/20.00"}
{"temp/hum": "78.60/20.00"}
{"temp/hum": "78.70/20.00"}
{"temp/hum": "78.70/20.00"}
{"temp/hum": "78.60/20.00"}
{"temp/hum": "78.70/20.00"}
{"temp/hum": "78.80/20.00"}
{"temp/hum": "78.80/20.00"}
{"temp/hum": "78.80/20.00"}
{"temp/hum": "78.80/19.90"}
{"temp/hum": "78.90/20.00"}
{"temp/hum": "78.90/20.00"}
{"temp/hum": "79.00/20.00"}
{"temp/hum": "79.00/19.90"}
{"temp/hum": "79.00/20.00"}
{"temp/hum": "78.80/20.00"}
{"temp/hum": "78.80/19.90"}
{"temp/hum": "78.90/19.90"}{"temp/hum": "78.00/20.40"}
{"temp/hum": "78.40/20.30"}
{"temp/hum": "78.50/20.30"}
{"temp/hum": "78.50/20.30"}
{"temp/hum": "78.80/20.30"}
{"temp/hum": "78.60/20.20"}
{"temp/hum": "78.60/20.20"}
Decoding JSON has failed for: 
Traceback (most recent call last):
  File "/usr/lib/python3/dist-packages/serial/serialposix.py", line 501, in read
    'device reports readiness to read but returned no data '
serial.serialutil.SerialException: device reports readiness to read but returned no data (device disconnected or multiple access on port?)

During handling of the above exception, another exception occurred:

Traceback (most recent call last):
  File "/home/pi/longibot-raspberry/web/arduino-cmds/py/start_serial.py", line 10, in <module>
    response = ser.readline().decode('utf-8').rstrip()
  File "/usr/lib/python3/dist-packages/serial/serialposix.py", line 509, in read
    raise SerialException('read failed: {}'.format(e))
serial.serialutil.SerialException: read failed: device reports readiness to read but returned no data (device disconnected or multiple access on port?)
Decoding JSON has failed for: t"T
Decoding JSON has failed for: tmp/hum": "78.60/20.20"}
{"temp/hum": "78.60/20.20"}
{"temp/hum": "78.60/20.10"}
{"temp/hum": "78.70/20.10"}
{"temp/hum": "78.70/20.10"}
{"temp/hum": "78.80/20.20"}
{"temp/hum": "78.80/20.20"}
Decoding JSON has failed for: {"temp/hum": "78.80/20.20"}{"control": "T"}
Decoding JSON has failed for: "emp/hum": "78.80/20.20"}
Traceback (most recent call last):
  File "/usr/lib/python3/dist-packages/serial/serialposix.py", line 501, in read
    'device reports readiness to read but returned no data '
serial.serialutil.SerialException: device reports readiness to read but returned no data (device disconnected or multiple access on port?)

During handling of the above exception, another exception occurred:

Traceback (most recent call last):
  File "/home/pi/longibot-raspberry/web/arduino-cmds/py/start_serial.py", line 10, in <module>
    response = ser.readline().decode('utf-8').rstrip()
  File "/usr/lib/python3/dist-packages/serial/serialposix.py", line 509, in read
    raise SerialException('read failed: {}'.format(e))
serial.serialutil.SerialException: read failed: device reports readiness to read but returned no data (device disconnected or multiple access on port?)
